0 info it worked if it ends with ok
1 verbose cli [ '/usr/local/Cellar/node/7.5.0/bin/node',
1 verbose cli   '/usr/local/bin/npm',
1 verbose cli   'install',
1 verbose cli   '—-pg' ]
2 info using npm@4.1.2
3 info using node@v7.5.0
4 error arg Argument starts with non-ascii dash, this is probably invalid: [ '—-pg' ]
5 silly loadCurrentTree Starting
6 silly install loadCurrentTree
7 silly install readLocalPackageData
8 silly fetchPackageMetaData —-pg
9 silly fetchOtherPackageData —-pg
10 silly cache add args [ '—-pg', null ]
11 verbose cache add spec —-pg
12 silly cache add parsed spec Result {
12 silly cache add   raw: '—-pg',
12 silly cache add   scope: null,
12 silly cache add   escapedName: null,
12 silly cache add   name: null,
12 silly cache add   rawSpec: '—-pg',
12 silly cache add   spec: '/Users/chrisstanton/Documents/prime-coding-academy/week10/022817/phi-pg-module-intro/—-pg',
12 silly cache add   type: 'local' }
13 error addLocal Could not install /Users/chrisstanton/Documents/prime-coding-academy/week10/022817/phi-pg-module-intro/—-pg
14 silly fetchPackageMetaData Error: ENOENT: no such file or directory, open '/Users/chrisstanton/Documents/prime-coding-academy/week10/022817/phi-pg-module-intro/—-pg'
14 silly fetchPackageMetaData  error for —-pg { Error: ENOENT: no such file or directory, open '/Users/chrisstanton/Documents/prime-coding-academy/week10/022817/phi-pg-module-intro/—-pg'
14 silly fetchPackageMetaData   errno: -2,
14 silly fetchPackageMetaData   code: 'ENOENT',
14 silly fetchPackageMetaData   syscall: 'open',
14 silly fetchPackageMetaData   path: '/Users/chrisstanton/Documents/prime-coding-academy/week10/022817/phi-pg-module-intro/—-pg' }
15 silly rollbackFailedOptional Starting
16 silly rollbackFailedOptional Finishing
17 silly runTopLevelLifecycles Finishing
18 silly install printInstalled
19 verbose stack Error: ENOENT: no such file or directory, open '/Users/chrisstanton/Documents/prime-coding-academy/week10/022817/phi-pg-module-intro/—-pg'
20 verbose cwd /Users/chrisstanton/Documents/prime-coding-academy/week10/022817/phi-pg-module-intro
21 error Darwin 16.4.0
22 error argv "/usr/local/Cellar/node/7.5.0/bin/node" "/usr/local/bin/npm" "install" "—-pg"
23 error node v7.5.0
24 error npm  v4.1.2
25 error path /Users/chrisstanton/Documents/prime-coding-academy/week10/022817/phi-pg-module-intro/—-pg
26 error code ENOENT
27 error errno -2
28 error syscall open
29 error enoent ENOENT: no such file or directory, open '/Users/chrisstanton/Documents/prime-coding-academy/week10/022817/phi-pg-module-intro/—-pg'
30 error enoent ENOENT: no such file or directory, open '/Users/chrisstanton/Documents/prime-coding-academy/week10/022817/phi-pg-module-intro/—-pg'
30 error enoent This is most likely not a problem with npm itself
30 error enoent and is related to npm not being able to find a file.
31 verbose exit [ -2, true ]
